10:12:47.247 INFO  Initializing database module 
10:12:47.967 INFO  Connection was successfull 
10:12:47.969 INFO  Database connection was successfull 
10:12:47.969 INFO  Starting application 
10:12:47.970 INFO  Initializing web server module 
10:13:33.968 INFO  Consulta exitosa {"HU_USERNAME":"GESTOR"} 
17:28:38.398 INFO  Initializing database module 
17:28:39.350 INFO  Connection was successfull 
17:28:39.350 INFO  Database connection was successfull 
17:28:39.352 INFO  Starting application 
17:28:39.352 INFO  Initializing web server module 
17:29:48.268 INFO  Consulta exitosa {"HU_USERNAME":"GESTOR"} 
17:29:53.970 INFO  Consulta exitosa {"GAMEDAY_ID":51587} 
17:29:56.873 INFO  Consulta exitosa {"GAMEDAY_ID":51587} 
18:07:00.395 INFO  Initializing database module 
18:07:01.056 INFO  Connection was successfull 
18:07:01.056 INFO  Database connection was successfull 
18:07:01.056 INFO  Starting application 
18:07:01.057 INFO  Initializing web server module 
18:34:44.089 INFO  Initializing database module 
18:34:45.838 INFO  Connection was successfull 
18:34:45.839 INFO  Database connection was successfull 
18:34:45.840 INFO  Starting application 
18:34:45.841 INFO  Initializing web server module 
18:35:27.061 INFO  Consulta exitosa {"HU_USERNAME":"GESTOR"} 

