14:11:18.674 INFO  Consulta exitosa {"HU_USERNAME":"GESTOR"} 
14:12:03.771 INFO  Consulta exitosa {"HU_USERNAME":"GESTOR"} 
14:12:07.035 INFO  Consulta exitosa {"GAMEDAY_ID":43792} 
14:12:21.536 INFO  Consulta exitosa {"HU_USERNAME":"GESTOR"} 
14:12:26.292 INFO  Consulta exitosa {"GAMEDAY_ID":51931} 
14:15:35.319 INFO  Consulta exitosa {"HU_USERNAME":"GESTOR"} 
14:15:44.673 INFO  Consulta exitosa {"GAMEDAY_ID":51931} 
14:15:55.051 INFO  Consulta exitosa {"HU_USERNAME":"GESTOR"} 
14:15:59.097 INFO  Consulta exitosa {"GAMEDAY_ID":51931} 
14:16:00.619 INFO  Consulta exitosa {"GAMEDAY_ID":51931} 
14:54:32.236 INFO  Initializing database module 
14:54:33.027 INFO  Connection was successfull 
14:54:33.028 INFO  Database connection was successfull 
14:54:33.029 INFO  Starting application 
14:54:33.030 INFO  Initializing web server module 
15:00:08.927 INFO  Consulta exitosa {"HU_USERNAME":"GESTOR"} 
15:00:16.062 INFO  Consulta exitosa {"HU_USERNAME":"GESTOR"} 
15:00:23.071 INFO  Consulta exitosa {"GAMEDAY_ID":51587} 
15:00:26.241 INFO  Consulta exitosa {"GAMEDAY_ID":51587} 
15:15:42.868 INFO  Initializing database module 
15:15:43.596 INFO  Connection was successfull 
15:15:43.597 INFO  Database connection was successfull 
15:15:43.598 INFO  Starting application 
15:15:43.598 INFO  Initializing web server module 
15:16:31.005 INFO  Initializing database module 
15:16:31.949 INFO  Connection was successfull 
15:16:31.950 INFO  Database connection was successfull 
15:16:31.952 INFO  Starting application 
15:16:31.952 INFO  Initializing web server module 
15:42:11.189 INFO  Initializing database module 
15:42:12.112 INFO  Connection was successfull 
15:42:12.113 INFO  Database connection was successfull 
15:42:12.114 INFO  Starting application 
15:42:12.114 INFO  Initializing web server module 
15:42:41.351 INFO  Consulta exitosa {"HU_USERNAME":"GESTOR"} 
15:46:13.207 INFO  Initializing database module 
15:46:13.886 INFO  Connection was successfull 
15:46:13.889 INFO  Database connection was successfull 
15:46:13.891 INFO  Starting application 
15:46:13.892 INFO  Initializing web server module 
15:46:27.413 INFO  Consulta exitosa {"HU_USERNAME":"GESTOR"} 
15:48:52.672 INFO  Initializing database module 
15:48:53.457 INFO  Connection was successfull 
15:48:53.458 INFO  Database connection was successfull 
15:48:53.460 INFO  Starting application 
15:48:53.461 INFO  Initializing web server module 
15:49:10.058 INFO  Consulta exitosa {"HU_USERNAME":"GESTOR"} 
15:49:32.073 INFO  Consulta exitosa {"EXT_GAMEDAY_ID":43564} 
15:49:53.212 INFO  Initializing database module 
15:49:54.049 INFO  Connection was successfull 
15:49:54.050 INFO  Database connection was successfull 
15:49:54.052 INFO  Starting application 
15:49:54.053 INFO  Initializing web server module 
15:50:04.637 INFO  Consulta exitosa {"EXT_GAMEDAY_ID":43564} 
20:08:39.661 INFO  Initializing database module 
20:08:40.451 INFO  Connection was successfull 
20:08:40.452 INFO  Database connection was successfull 
20:08:40.453 INFO  Starting application 
20:08:40.455 INFO  Initializing web server module 
20:13:34.515 INFO  Initializing database module 
20:13:35.279 INFO  Connection was successfull 
20:13:35.281 INFO  Database connection was successfull 
20:13:35.284 INFO  Starting application 
20:13:35.284 INFO  Initializing web server module 
20:14:56.777 INFO  Initializing database module 
20:14:57.638 INFO  Connection was successfull 
20:14:57.669 INFO  Database connection was successfull 
20:14:57.681 INFO  Starting application 
20:14:57.708 INFO  Initializing web server module 
20:15:14.212 INFO  Consulta exitosa {"HU_USERNAME":"GESTOR"} 
20:15:59.599 INFO  Consulta exitosa {"HU_USERNAME":"GESTOR"} 
20:16:20.463 INFO  Consulta exitosa {"EXT_GAMEDAY_ID":43564} 
20:20:18.006 INFO  Initializing database module 
20:20:18.755 INFO  Connection was successfull 
20:20:18.756 INFO  Database connection was successfull 
20:20:18.756 INFO  Starting application 
20:20:18.757 INFO  Initializing web server module 
20:22:54.929 INFO  Initializing database module 
20:22:55.745 INFO  Connection was successfull 
20:22:55.746 INFO  Database connection was successfull 
20:22:55.747 INFO  Starting application 
20:22:55.748 INFO  Initializing web server module 
20:23:48.773 INFO  Initializing database module 
20:23:49.624 INFO  Connection was successfull 
20:23:49.625 INFO  Database connection was successfull 
20:23:49.626 INFO  Starting application 
20:23:49.627 INFO  Initializing web server module 
20:24:10.966 INFO  Consulta exitosa {"HU_USERNAME":"GESTOR"} 
20:26:06.007 INFO  Initializing database module 
20:26:06.845 INFO  Connection was successfull 
20:26:06.846 INFO  Database connection was successfull 
20:26:06.847 INFO  Starting application 
20:26:06.848 INFO  Initializing web server module 
20:26:35.303 INFO  Consulta exitosa {"HU_USERNAME":"GESTOR"} 
20:31:15.823 INFO  Initializing database module 
20:31:16.751 INFO  Connection was successfull 
20:31:16.752 INFO  Database connection was successfull 
20:31:16.752 INFO  Starting application 
20:31:16.753 INFO  Initializing web server module 
20:31:33.134 INFO  Consulta exitosa {"HU_USERNAME":"GESTOR"} 
20:33:43.866 INFO  Consulta exitosa {"HU_USERNAME":"GESTOR"} 
20:35:00.724 INFO  Initializing database module 
20:35:01.409 INFO  Connection was successfull 
20:35:01.410 INFO  Database connection was successfull 
20:35:01.411 INFO  Starting application 
20:35:01.411 INFO  Initializing web server module 
20:35:31.356 INFO  Consulta exitosa {"HU_USERNAME":"GESTOR"} 
20:38:43.237 INFO  Initializing database module 
20:38:44.013 INFO  Connection was successfull 
20:38:44.014 INFO  Database connection was successfull 
20:38:44.015 INFO  Starting application 
20:38:44.015 INFO  Initializing web server module 
20:38:58.576 INFO  Consulta exitosa {"HU_USERNAME":"GESTOR"} 
20:46:16.017 INFO  Initializing database module 
20:46:16.726 INFO  Connection was successfull 
20:46:16.727 INFO  Database connection was successfull 
20:46:16.728 INFO  Starting application 
20:46:16.729 INFO  Initializing web server module 
20:49:17.350 INFO  Consulta exitosa {"HU_USERNAME":"GESTOR"} 
20:49:37.221 INFO  Consulta exitosa {"EXT_GAMEDAY_ID_FROM":43622,"EXT_GAMEDAY_ID_TO":43707} 
20:57:56.387 INFO  Initializing database module 
20:57:57.128 INFO  Connection was successfull 
20:57:57.131 INFO  Database connection was successfull 
20:57:57.132 INFO  Starting application 
20:57:57.134 INFO  Initializing web server module 
20:59:50.503 INFO  Initializing database module 
20:59:51.351 INFO  Connection was successfull 
20:59:51.352 INFO  Database connection was successfull 
20:59:51.353 INFO  Starting application 
20:59:51.354 INFO  Initializing web server module 
21:00:49.250 INFO  Initializing database module 
21:00:50.075 INFO  Connection was successfull 
21:00:50.076 INFO  Database connection was successfull 
21:00:50.077 INFO  Starting application 
21:00:50.077 INFO  Initializing web server module 
21:00:58.622 INFO  Consulta exitosa {"HU_USERNAME":"GESTOR"} 
21:01:19.790 INFO  Consulta exitosa {"EXT_GAMEDAY_ID_FROM":43622,"EXT_GAMEDAY_ID_TO":43707} 

