07:28:36.400 INFO  Initializing database module 
07:28:37.149 INFO  Connection was successfull 
07:28:37.150 INFO  Database connection was successfull 
07:28:37.151 INFO  Starting application 
07:28:37.152 INFO  Initializing web server module 
07:29:02.657 INFO  Initializing database module 
07:29:03.485 INFO  Connection was successfull 
07:29:03.487 INFO  Database connection was successfull 
07:29:03.488 INFO  Starting application 
07:29:03.489 INFO  Initializing web server module 
07:29:19.710 INFO  Consulta exitosa {"HU_USERNAME":"GESTOR"} 
07:29:41.806 INFO  Consulta exitosa {"EXT_GAMEDAY_ID_FROM":43622,"EXT_GAMEDAY_ID_TO":43707} 
07:35:14.386 INFO  Initializing database module 
07:35:15.148 INFO  Connection was successfull 
07:35:15.149 INFO  Database connection was successfull 
07:35:15.150 INFO  Starting application 
07:35:15.151 INFO  Initializing web server module 
07:35:31.763 INFO  Consulta exitosa {"HU_USERNAME":"GESTOR"} 
07:35:52.460 INFO  Consulta exitosa {"EXT_GAMEDAY_ID_FROM":43622,"EXT_GAMEDAY_ID_TO":43707} 
07:35:52.532 INFO  Consulta exitosa {"EXT_GAMEDAY_ID_FROM":43622,"EXT_GAMEDAY_ID_TO":43707} 
07:38:15.570 INFO  Initializing database module 
07:38:16.235 INFO  Connection was successfull 
07:38:16.236 INFO  Database connection was successfull 
07:38:16.237 INFO  Starting application 
07:38:16.238 INFO  Initializing web server module 
07:38:22.070 INFO  Consulta exitosa {"EXT_GAMEDAY_ID_FROM":43622,"EXT_GAMEDAY_ID_TO":43707} 
07:39:04.643 INFO  Initializing database module 
07:39:05.457 INFO  Connection was successfull 
07:39:05.458 INFO  Database connection was successfull 
07:39:05.458 INFO  Starting application 
07:39:05.460 INFO  Initializing web server module 
07:39:15.504 INFO  Consulta exitosa {"EXT_GAMEDAY_ID_FROM":43622,"EXT_GAMEDAY_ID_TO":43707} 
07:39:15.597 INFO  Consulta exitosa {"EXT_GAMEDAY_ID_FROM":43622,"EXT_GAMEDAY_ID_TO":43707} 
07:40:03.356 INFO  Initializing database module 
07:40:04.130 INFO  Connection was successfull 
07:40:04.131 INFO  Database connection was successfull 
07:40:04.131 INFO  Starting application 
07:40:04.132 INFO  Initializing web server module 
07:40:09.062 INFO  Consulta exitosa {"EXT_GAMEDAY_ID_FROM":43622,"EXT_GAMEDAY_ID_TO":43707} 
07:40:09.144 INFO  Consulta exitosa {"EXT_GAMEDAY_ID_FROM":43622,"EXT_GAMEDAY_ID_TO":43707} 
07:45:03.157 INFO  Initializing database module 
07:45:03.897 INFO  Connection was successfull 
07:45:03.898 INFO  Database connection was successfull 
07:45:03.899 INFO  Starting application 
07:45:03.899 INFO  Initializing web server module 
07:45:13.848 INFO  Consulta exitosa {"EXT_GAMEDAY_ID_FROM":43622,"EXT_GAMEDAY_ID_TO":43707} 
07:46:09.958 INFO  Initializing database module 
07:46:10.827 INFO  Connection was successfull 
07:46:10.827 INFO  Database connection was successfull 
07:46:10.828 INFO  Starting application 
07:46:10.828 INFO  Initializing web server module 
07:46:54.234 INFO  Initializing database module 
07:46:55.083 INFO  Connection was successfull 
07:46:55.083 INFO  Database connection was successfull 
07:46:55.084 INFO  Starting application 
07:46:55.084 INFO  Initializing web server module 
07:47:01.127 INFO  Consulta exitosa {"EXT_GAMEDAY_ID_FROM":43622,"EXT_GAMEDAY_ID_TO":43707} 
07:48:18.360 INFO  Initializing database module 
07:48:19.062 INFO  Connection was successfull 
07:48:19.062 INFO  Database connection was successfull 
07:48:19.063 INFO  Starting application 
07:48:19.063 INFO  Initializing web server module 
07:48:24.150 INFO  Consulta exitosa {"EXT_GAMEDAY_ID_FROM":43622,"EXT_GAMEDAY_ID_TO":43707} 
07:49:02.469 INFO  Initializing database module 
07:49:03.318 INFO  Connection was successfull 
07:49:03.319 INFO  Database connection was successfull 
07:49:03.320 INFO  Starting application 
07:49:03.320 INFO  Initializing web server module 
07:49:08.053 INFO  Consulta exitosa {"EXT_GAMEDAY_ID_FROM":43622,"EXT_GAMEDAY_ID_TO":43707} 
07:49:08.119 INFO  Consulta exitosa {"EXT_GAMEDAY_ID_FROM":43622,"EXT_GAMEDAY_ID_TO":43707} 
07:57:27.948 INFO  Initializing database module 
07:57:28.734 INFO  Connection was successfull 
07:57:28.734 INFO  Database connection was successfull 
07:57:28.735 INFO  Starting application 
07:57:28.735 INFO  Initializing web server module 
07:57:45.765 INFO  Initializing database module 
07:57:46.623 INFO  Connection was successfull 
07:57:46.625 INFO  Database connection was successfull 
07:57:46.625 INFO  Starting application 
07:57:46.626 INFO  Initializing web server module 
07:58:06.719 INFO  Initializing database module 
07:58:07.667 INFO  Connection was successfull 
07:58:07.668 INFO  Database connection was successfull 
07:58:07.669 INFO  Starting application 
07:58:07.691 INFO  Initializing web server module 
07:58:18.281 INFO  Consulta exitosa {"EXT_GAMEDAY_ID_FROM":43622,"EXT_GAMEDAY_ID_TO":43707} 
07:58:18.349 INFO  Consulta exitosa {"EXT_GAMEDAY_ID_FROM":43622,"EXT_GAMEDAY_ID_TO":43707} 
08:01:26.044 INFO  Initializing database module 
08:01:26.784 INFO  Connection was successfull 
08:01:26.784 INFO  Database connection was successfull 
08:01:26.785 INFO  Starting application 
08:01:26.785 INFO  Initializing web server module 
08:01:41.133 INFO  Consulta exitosa {"EXT_GAMEDAY_ID_FROM":43622,"EXT_GAMEDAY_ID_TO":43707} 
08:01:41.200 INFO  Consulta exitosa {"EXT_GAMEDAY_ID_FROM":43622,"EXT_GAMEDAY_ID_TO":43707} 
08:03:26.700 INFO  Initializing database module 
08:03:27.497 INFO  Connection was successfull 
08:03:27.501 INFO  Database connection was successfull 
08:03:27.501 INFO  Starting application 
08:03:27.507 INFO  Initializing web server module 
08:03:32.385 INFO  Consulta exitosa {"EXT_GAMEDAY_ID_FROM":43622,"EXT_GAMEDAY_ID_TO":43707} 
08:03:32.447 INFO  Consulta exitosa {"EXT_GAMEDAY_ID_FROM":43622,"EXT_GAMEDAY_ID_TO":43707} 
08:04:13.464 INFO  Initializing database module 
08:04:14.325 INFO  Connection was successfull 
08:04:14.326 INFO  Database connection was successfull 
08:04:14.326 INFO  Starting application 
08:04:14.327 INFO  Initializing web server module 
08:04:21.706 INFO  Consulta exitosa {"EXT_GAMEDAY_ID_FROM":43622,"EXT_GAMEDAY_ID_TO":43707} 
08:04:21.769 INFO  Consulta exitosa {"EXT_GAMEDAY_ID_FROM":43622,"EXT_GAMEDAY_ID_TO":43707} 
08:07:31.068 INFO  Initializing database module 
08:07:32.043 INFO  Connection was successfull 
08:07:32.044 INFO  Database connection was successfull 
08:07:32.044 INFO  Starting application 
08:07:32.045 INFO  Initializing web server module 
08:07:35.892 INFO  Consulta exitosa {"EXT_GAMEDAY_ID_FROM":43622,"EXT_GAMEDAY_ID_TO":43707} 
08:07:35.959 INFO  Consulta exitosa {"EXT_GAMEDAY_ID_FROM":43622,"EXT_GAMEDAY_ID_TO":43707} 
08:10:22.521 INFO  Initializing database module 
08:10:23.176 INFO  Connection was successfull 
08:10:23.177 INFO  Database connection was successfull 
08:10:23.178 INFO  Starting application 
08:10:23.178 INFO  Initializing web server module 
08:10:31.575 INFO  Consulta exitosa {"EXT_GAMEDAY_ID_FROM":43622,"EXT_GAMEDAY_ID_TO":43707} 
08:10:31.641 INFO  Consulta exitosa {"EXT_GAMEDAY_ID_FROM":43622,"EXT_GAMEDAY_ID_TO":43707} 
08:12:16.502 INFO  Initializing database module 
08:12:17.480 INFO  Connection was successfull 
08:12:17.481 INFO  Database connection was successfull 
08:12:17.483 INFO  Starting application 
08:12:17.505 INFO  Initializing web server module 
08:12:23.255 INFO  Consulta exitosa {"EXT_GAMEDAY_ID_FROM":43622,"EXT_GAMEDAY_ID_TO":43707} 
08:12:23.318 INFO  Consulta exitosa {"EXT_GAMEDAY_ID_FROM":43622,"EXT_GAMEDAY_ID_TO":43707} 
08:20:25.697 INFO  Initializing database module 
08:20:26.564 INFO  Connection was successfull 
08:20:26.565 INFO  Database connection was successfull 
08:20:26.565 INFO  Starting application 
08:20:26.566 INFO  Initializing web server module 
08:20:39.191 INFO  Consulta exitosa {"EXT_GAMEDAY_ID_FROM":43622,"EXT_GAMEDAY_ID_TO":43707} 
08:20:39.263 INFO  Consulta exitosa {"EXT_GAMEDAY_ID_FROM":43622,"EXT_GAMEDAY_ID_TO":43707} 
08:31:07.432 INFO  Initializing database module 
08:31:08.127 INFO  Connection was successfull 
08:31:08.127 INFO  Database connection was successfull 
08:31:08.128 INFO  Starting application 
08:31:08.128 INFO  Initializing web server module 
08:31:25.983 INFO  Consulta exitosa {"EXT_GAMEDAY_ID_FROM":43622,"EXT_GAMEDAY_ID_TO":43707} 
08:31:26.059 INFO  Consulta exitosa {"EXT_GAMEDAY_ID_FROM":43622,"EXT_GAMEDAY_ID_TO":43707} 
08:38:19.971 INFO  Initializing database module 
08:38:20.974 INFO  Connection was successfull 
08:38:20.976 INFO  Database connection was successfull 
08:38:20.976 INFO  Starting application 
08:38:20.977 INFO  Initializing web server module 
08:38:36.050 INFO  Consulta exitosa {"EXT_GAMEDAY_ID_FROM":43622,"EXT_GAMEDAY_ID_TO":43707} 
08:38:36.115 INFO  Consulta exitosa {"EXT_GAMEDAY_ID_FROM":43622,"EXT_GAMEDAY_ID_TO":43707} 
08:43:46.697 INFO  Initializing database module 
08:43:47.431 INFO  Connection was successfull 
08:43:47.433 INFO  Database connection was successfull 
08:43:47.434 INFO  Starting application 
08:43:47.434 INFO  Initializing web server module 
08:43:56.921 INFO  Consulta exitosa {"EXT_GAMEDAY_ID_FROM":43622,"EXT_GAMEDAY_ID_TO":43707} 
08:43:56.987 INFO  Consulta exitosa {"EXT_GAMEDAY_ID_FROM":43622,"EXT_GAMEDAY_ID_TO":43707} 
08:45:24.802 INFO  Initializing database module 
08:45:25.707 INFO  Connection was successfull 
08:45:25.716 INFO  Database connection was successfull 
08:45:25.717 INFO  Starting application 
08:45:25.718 INFO  Initializing web server module 
08:45:36.042 INFO  Consulta exitosa {"EXT_GAMEDAY_ID_FROM":43622,"EXT_GAMEDAY_ID_TO":43707} 
08:45:36.107 INFO  Consulta exitosa {"EXT_GAMEDAY_ID_FROM":43622,"EXT_GAMEDAY_ID_TO":43707} 
08:51:47.716 INFO  Initializing database module 
08:51:48.540 INFO  Connection was successfull 
08:51:48.541 INFO  Database connection was successfull 
08:51:48.542 INFO  Starting application 
08:51:48.542 INFO  Initializing web server module 
08:52:00.001 INFO  Consulta exitosa {"EXT_GAMEDAY_ID_FROM":43622,"EXT_GAMEDAY_ID_TO":43707} 
08:54:51.998 INFO  Initializing database module 
08:54:52.837 INFO  Connection was successfull 
08:54:52.838 INFO  Database connection was successfull 
08:54:52.838 INFO  Starting application 
08:54:52.839 INFO  Initializing web server module 
08:54:59.068 INFO  Consulta exitosa {"EXT_GAMEDAY_ID_FROM":43622,"EXT_GAMEDAY_ID_TO":43707} 
08:55:46.924 INFO  Initializing database module 
08:55:47.647 INFO  Connection was successfull 
08:55:47.649 INFO  Database connection was successfull 
08:55:47.649 INFO  Starting application 
08:55:47.650 INFO  Initializing web server module 
08:55:57.587 INFO  Consulta exitosa {"EXT_GAMEDAY_ID_FROM":43622,"EXT_GAMEDAY_ID_TO":43707} 
08:55:57.654 INFO  Consulta exitosa {"EXT_GAMEDAY_ID_FROM":43622,"EXT_GAMEDAY_ID_TO":43707} 
08:56:24.422 INFO  Consulta exitosa {"HU_USERNAME":"GESTOR"} 
08:56:37.959 INFO  Consulta exitosa {} 
08:56:37.973 INFO  Consulta exitosa {} 
08:59:29.532 INFO  Initializing database module 
08:59:30.248 INFO  Connection was successfull 
08:59:30.250 INFO  Database connection was successfull 
08:59:30.250 INFO  Starting application 
08:59:30.251 INFO  Initializing web server module 
08:59:55.460 INFO  Initializing database module 
08:59:56.321 INFO  Connection was successfull 
08:59:56.326 INFO  Database connection was successfull 
08:59:56.327 INFO  Starting application 
08:59:56.330 INFO  Initializing web server module 
09:02:14.693 INFO  Consulta exitosa {"HU_USERNAME":"GESTOR"} 
09:02:32.624 INFO  Consulta exitosa {} 
09:02:32.627 INFO  Consulta exitosa {} 
09:07:16.414 INFO  Consulta exitosa {"HU_USERNAME":"GESTOR"} 
09:07:30.520 INFO  Consulta exitosa {} 
09:07:30.526 INFO  Consulta exitosa {} 
09:08:32.890 INFO  Consulta exitosa {"HU_USERNAME":"GESTOR"} 
09:08:47.106 INFO  Consulta exitosa {} 
09:08:47.109 INFO  Consulta exitosa {} 
09:11:33.146 INFO  Consulta exitosa {"HU_USERNAME":"GESTOR"} 
09:11:44.881 INFO  Consulta exitosa {} 
09:11:44.884 INFO  Consulta exitosa {} 
09:12:21.945 INFO  Consulta exitosa {"HU_USERNAME":"GESTOR"} 
09:12:33.072 INFO  Consulta exitosa {} 
09:12:33.076 INFO  Consulta exitosa {} 
09:13:26.014 INFO  Consulta exitosa {"EXT_GAMEDAY_ID_FROM":"43622","EXT_GAMEDAY_ID_TO":"43707"} 
09:13:26.095 INFO  Consulta exitosa {"EXT_GAMEDAY_ID_FROM":"43622","EXT_GAMEDAY_ID_TO":"43707"} 
09:14:06.226 INFO  Consulta exitosa {} 
09:14:06.229 INFO  Consulta exitosa {} 
09:16:22.854 INFO  Consulta exitosa {"HU_USERNAME":"GESTOR"} 
09:16:33.033 INFO  Consulta exitosa {} 
09:16:33.040 INFO  Consulta exitosa {} 
09:17:29.289 INFO  Consulta exitosa {"HU_USERNAME":"GESTOR"} 
09:17:39.792 INFO  Consulta exitosa {"EXT_GAMEDAY_ID_FROM":"43622","EXT_GAMEDAY_ID_TO":"43707"} 
09:17:39.847 INFO  Consulta exitosa {"EXT_GAMEDAY_ID_FROM":"43622","EXT_GAMEDAY_ID_TO":"43707"} 
09:19:33.719 INFO  Consulta exitosa {"HU_USERNAME":"GESTOR"} 
09:19:44.651 INFO  Consulta exitosa {"EXT_GAMEDAY_ID_FROM":"43622","EXT_GAMEDAY_ID_TO":"43707"} 
09:19:44.704 INFO  Consulta exitosa {"EXT_GAMEDAY_ID_FROM":"43622","EXT_GAMEDAY_ID_TO":"43707"} 
09:19:48.412 INFO  Consulta exitosa {} 
09:19:48.414 INFO  Consulta exitosa {} 
09:20:31.733 INFO  Consulta exitosa {"HU_USERNAME":"GESTOR"} 
09:20:43.806 INFO  Consulta exitosa {"EXT_GAMEDAY_ID_FROM":"43622","EXT_GAMEDAY_ID_TO":"43707"} 
09:20:43.859 INFO  Consulta exitosa {"EXT_GAMEDAY_ID_FROM":"43622","EXT_GAMEDAY_ID_TO":"43707"} 
09:20:46.491 INFO  Consulta exitosa {} 
09:20:46.534 INFO  Consulta exitosa {} 
09:23:25.505 INFO  Consulta exitosa {"HU_USERNAME":"GESTOR"} 
09:23:36.103 INFO  Consulta exitosa {"EXT_GAMEDAY_ID_FROM":"43622","EXT_GAMEDAY_ID_TO":"43707"} 
09:23:36.174 INFO  Consulta exitosa {"EXT_GAMEDAY_ID_FROM":"43622","EXT_GAMEDAY_ID_TO":"43707"} 
09:24:53.355 INFO  Consulta exitosa {"HU_USERNAME":"GESTOR"} 
09:25:03.642 INFO  Consulta exitosa {"EXT_GAMEDAY_ID_FROM":"43622","EXT_GAMEDAY_ID_TO":"43707"} 
09:25:03.693 INFO  Consulta exitosa {"EXT_GAMEDAY_ID_FROM":"43622","EXT_GAMEDAY_ID_TO":"43707"} 
09:25:06.866 INFO  Consulta exitosa {} 
09:25:06.869 INFO  Consulta exitosa {} 
09:26:15.619 INFO  Consulta exitosa {"HU_USERNAME":"GESTOR"} 
09:26:29.075 INFO  Consulta exitosa {"EXT_GAMEDAY_ID_FROM":"43622","EXT_GAMEDAY_ID_TO":"43707"} 
09:26:29.160 INFO  Consulta exitosa {"EXT_GAMEDAY_ID_FROM":"43622","EXT_GAMEDAY_ID_TO":"43707"} 
09:26:31.456 INFO  Consulta exitosa {"EXT_GAMEDAY_ID_FROM":"43622","EXT_GAMEDAY_ID_TO":"43707"} 
09:26:31.507 INFO  Consulta exitosa {"EXT_GAMEDAY_ID_FROM":"43622","EXT_GAMEDAY_ID_TO":"43707"} 
09:26:54.720 INFO  Consulta exitosa {"EXT_GAMEDAY_ID":43622} 
09:28:15.178 INFO  Consulta exitosa {"HU_USERNAME":"GESTOR"} 
09:28:21.768 INFO  Consulta exitosa {"EXT_GAMEDAY_ID":43622} 
09:28:37.703 INFO  Consulta exitosa {"EXT_GAMEDAY_ID":51645} 
09:29:01.456 INFO  Consulta exitosa {"EXT_GAMEDAY_ID":43564} 
09:30:20.891 INFO  Consulta exitosa {"HU_USERNAME":"GESTOR"} 
09:30:30.084 INFO  Consulta exitosa {"EXT_GAMEDAY_ID":43564} 
09:30:32.904 INFO  Consulta exitosa {"EXT_GAMEDAY_ID":43564} 
09:30:47.938 INFO  Consulta exitosa {"HU_USERNAME":"GESTOR"} 
09:30:54.961 INFO  Consulta exitosa {"EXT_GAMEDAY_ID":43564} 
09:32:06.399 INFO  Initializing database module 
09:32:07.144 INFO  Connection was successfull 
09:32:07.144 INFO  Database connection was successfull 
09:32:07.145 INFO  Starting application 
09:32:07.145 INFO  Initializing web server module 
09:40:37.640 INFO  Received SIGINT 
09:40:37.645 INFO  Shutting down 
09:40:37.646 INFO  Closing web server module 
09:40:37.650 INFO  Closing database module 
09:40:47.497 INFO  Initializing database module 
09:40:48.292 INFO  Connection was successfull 
09:40:48.293 INFO  Database connection was successfull 
09:40:48.293 INFO  Starting application 
09:40:48.294 INFO  Initializing web server module 
09:41:07.396 INFO  Consulta exitosa {"HU_USERNAME":"GESTOR"} 
09:41:21.092 INFO  Consulta exitosa {"EXT_GAMEDAY_ID_FROM":"43622","EXT_GAMEDAY_ID_TO":"43622"} 
09:44:17.733 INFO  Initializing database module 
09:44:18.489 INFO  Connection was successfull 
09:44:18.490 INFO  Database connection was successfull 
09:44:18.491 INFO  Starting application 
09:44:18.491 INFO  Initializing web server module 
09:44:24.603 INFO  Consulta exitosa {"HU_USERNAME":"GESTOR"} 
09:44:43.122 INFO  Consulta exitosa {"EXT_GAMEDAY_ID_FROM":"43622","EXT_GAMEDAY_ID_TO":"43622"} 
09:51:08.380 INFO  Initializing database module 
09:51:09.094 INFO  Connection was successfull 
09:51:09.096 INFO  Database connection was successfull 
09:51:09.096 INFO  Starting application 
09:51:09.097 INFO  Initializing web server module 
09:51:32.334 INFO  Consulta exitosa {"HU_USERNAME":"GESTOR"} 
09:51:42.772 INFO  Consulta exitosa {"EXT_GAMEDAY_ID_FROM":"43622","EXT_GAMEDAY_ID_TO":"43622"} 
10:14:57.959 INFO  Initializing database module 
10:14:58.778 INFO  Connection was successfull 
10:14:58.779 INFO  Database connection was successfull 
10:14:58.779 INFO  Starting application 
10:14:58.780 INFO  Initializing web server module 
10:15:26.176 INFO  Initializing database module 
10:15:26.992 INFO  Connection was successfull 
10:15:26.993 INFO  Database connection was successfull 
10:15:26.994 INFO  Starting application 
10:15:26.995 INFO  Initializing web server module 
10:15:37.775 INFO  Consulta exitosa {"HU_USERNAME":"GESTOR"} 
10:15:52.915 INFO  Consulta exitosa {"EXT_GAMEDAY_ID_FROM":"43622","EXT_GAMEDAY_ID_TO":"43622"} 
10:15:52.951 INFO  Consulta exitosa {"EXT_GAMEDAY_ID_FROM":"43622","EXT_GAMEDAY_ID_TO":"43622"} 
10:16:31.229 INFO  Consulta exitosa {"EXT_GAMEDAY_ID_FROM":"43622","EXT_GAMEDAY_ID_TO":"43622"} 
10:16:31.251 INFO  Consulta exitosa {"EXT_GAMEDAY_ID_FROM":"43622","EXT_GAMEDAY_ID_TO":"43622"} 
10:17:45.248 INFO  Initializing database module 
10:17:46.059 INFO  Connection was successfull 
10:17:46.060 INFO  Database connection was successfull 
10:17:46.060 INFO  Starting application 
10:17:46.061 INFO  Initializing web server module 
10:17:55.510 INFO  Consulta exitosa {"EXT_GAMEDAY_ID_FROM":"43622","EXT_GAMEDAY_ID_TO":"43622"} 
10:17:55.551 INFO  Consulta exitosa {"EXT_GAMEDAY_ID_FROM":"43622","EXT_GAMEDAY_ID_TO":"43622"} 
10:18:07.986 INFO  Consulta exitosa {"HU_USERNAME":"GESTOR"} 
10:18:17.119 INFO  Consulta exitosa {"EXT_GAMEDAY_ID_FROM":"43622","EXT_GAMEDAY_ID_TO":"43622"} 
10:18:17.143 INFO  Consulta exitosa {"EXT_GAMEDAY_ID_FROM":"43622","EXT_GAMEDAY_ID_TO":"43622"} 
10:18:19.182 INFO  Consulta exitosa {"EXT_GAMEDAY_ID_FROM":"43622","EXT_GAMEDAY_ID_TO":"43622"} 
10:18:19.204 INFO  Consulta exitosa {"EXT_GAMEDAY_ID_FROM":"43622","EXT_GAMEDAY_ID_TO":"43622"} 
10:18:45.965 INFO  Initializing database module 
10:18:46.803 INFO  Connection was successfull 
10:18:46.804 INFO  Database connection was successfull 
10:18:46.805 INFO  Starting application 
10:18:46.805 INFO  Initializing web server module 
10:18:54.785 INFO  Consulta exitosa {"EXT_GAMEDAY_ID_FROM":"43622","EXT_GAMEDAY_ID_TO":"43622"} 
10:18:54.847 INFO  Consulta exitosa {"EXT_GAMEDAY_ID_FROM":"43622","EXT_GAMEDAY_ID_TO":"43622"} 
10:19:33.996 INFO  Initializing database module 
10:19:34.841 INFO  Connection was successfull 
10:19:34.842 INFO  Database connection was successfull 
10:19:34.843 INFO  Starting application 
10:19:34.843 INFO  Initializing web server module 
10:21:31.106 INFO  Initializing database module 
10:21:31.860 INFO  Connection was successfull 
10:21:31.860 INFO  Database connection was successfull 
10:21:31.861 INFO  Starting application 
10:21:31.862 INFO  Initializing web server module 
10:21:40.967 INFO  Consulta exitosa {"EXT_GAMEDAY_ID_FROM":"43622","EXT_GAMEDAY_ID_TO":"43622"} 
10:21:47.928 INFO  Consulta exitosa {"HU_USERNAME":"GESTOR"} 
10:21:58.937 INFO  Consulta exitosa {"EXT_GAMEDAY_ID_FROM":"43622","EXT_GAMEDAY_ID_TO":"43622"} 
10:22:51.903 INFO  Initializing database module 
10:22:52.636 INFO  Connection was successfull 
10:22:52.637 INFO  Database connection was successfull 
10:22:52.637 INFO  Starting application 
10:22:52.638 INFO  Initializing web server module 
10:23:04.375 INFO  Consulta exitosa {"HU_USERNAME":"GESTOR"} 
10:23:14.726 INFO  Consulta exitosa {"EXT_GAMEDAY_ID_FROM":"43622","EXT_GAMEDAY_ID_TO":"43622"} 
10:23:43.269 INFO  Initializing database module 
10:23:44.088 INFO  Connection was successfull 
10:23:44.089 INFO  Database connection was successfull 
10:23:44.089 INFO  Starting application 
10:23:44.090 INFO  Initializing web server module 
10:24:03.033 INFO  Consulta exitosa {"EXT_GAMEDAY_ID_FROM":"43622","EXT_GAMEDAY_ID_TO":"43622"} 
10:24:21.701 INFO  Initializing database module 
10:24:22.502 INFO  Connection was successfull 
10:24:22.503 INFO  Database connection was successfull 
10:24:22.503 INFO  Starting application 
10:24:22.504 INFO  Initializing web server module 
10:24:44.575 INFO  Consulta exitosa {"EXT_GAMEDAY_ID_FROM":"43622","EXT_GAMEDAY_ID_TO":"43622"} 
10:24:44.618 INFO  Consulta exitosa {"EXT_GAMEDAY_ID_FROM":"43622","EXT_GAMEDAY_ID_TO":"43622"} 
10:24:47.720 INFO  Consulta exitosa {"EXT_GAMEDAY_ID_FROM":"43622","EXT_GAMEDAY_ID_TO":"43622"} 
10:24:47.739 INFO  Consulta exitosa {"EXT_GAMEDAY_ID_FROM":"43622","EXT_GAMEDAY_ID_TO":"43622"} 
10:25:22.788 INFO  Initializing database module 
10:25:23.657 INFO  Connection was successfull 
10:25:23.658 INFO  Database connection was successfull 
10:25:23.659 INFO  Starting application 
10:25:23.659 INFO  Initializing web server module 
10:25:32.197 INFO  Consulta exitosa {"EXT_GAMEDAY_ID_FROM":"43622","EXT_GAMEDAY_ID_TO":"43622"} 
10:25:32.239 INFO  Consulta exitosa {"EXT_GAMEDAY_ID_FROM":"43622","EXT_GAMEDAY_ID_TO":"43622"} 
10:27:21.730 INFO  Initializing database module 
10:27:22.496 INFO  Connection was successfull 
10:27:22.497 INFO  Database connection was successfull 
10:27:22.499 INFO  Starting application 
10:27:22.499 INFO  Initializing web server module 
10:27:27.984 INFO  Consulta exitosa {"EXT_GAMEDAY_ID_FROM":"43622","EXT_GAMEDAY_ID_TO":"43622"} 
10:27:28.043 INFO  Consulta exitosa {"EXT_GAMEDAY_ID_FROM":"43622","EXT_GAMEDAY_ID_TO":"43622"} 
10:28:14.459 INFO  Consulta exitosa {"EXT_GAMEDAY_ID_FROM":"43622","EXT_GAMEDAY_ID_TO":"43707"} 
10:28:14.504 INFO  Consulta exitosa {"EXT_GAMEDAY_ID_FROM":"43622","EXT_GAMEDAY_ID_TO":"43707"} 
10:28:17.766 INFO  Consulta exitosa {"EXT_GAMEDAY_ID_FROM":"43622","EXT_GAMEDAY_ID_TO":"43707"} 
10:28:17.805 INFO  Consulta exitosa {"EXT_GAMEDAY_ID_FROM":"43622","EXT_GAMEDAY_ID_TO":"43707"} 
10:39:29.286 INFO  Consulta exitosa {"HU_USERNAME":"GESTOR"} 
10:39:35.381 INFO  Consulta exitosa {"HU_USERNAME":"GESTO"} 
10:39:38.994 INFO  Consulta exitosa {"HU_USERNAME":"GESTOR"} 
10:39:41.279 INFO  Consulta exitosa {"HU_USERNAME":"GESTOR"} 
10:39:47.783 INFO  Consulta exitosa {"EXT_GAMEDAY_ID_FROM":"1","EXT_GAMEDAY_ID_TO":"1"} 
10:39:47.804 INFO  Consulta exitosa {"EXT_GAMEDAY_ID_FROM":"1","EXT_GAMEDAY_ID_TO":"1"} 
10:40:03.976 INFO  Consulta exitosa {"EXT_GAMEDAY_ID_FROM":"43622","EXT_GAMEDAY_ID_TO":"43707"} 
10:40:04.033 INFO  Consulta exitosa {"EXT_GAMEDAY_ID_FROM":"43622","EXT_GAMEDAY_ID_TO":"43707"} 
10:40:06.761 INFO  Consulta exitosa {"EXT_GAMEDAY_ID_FROM":"43622","EXT_GAMEDAY_ID_TO":"43707"} 
10:40:06.805 INFO  Consulta exitosa {"EXT_GAMEDAY_ID_FROM":"43622","EXT_GAMEDAY_ID_TO":"43707"} 
10:40:29.998 INFO  Consulta exitosa {"EXT_GAMEDAY_ID":43564} 
10:40:34.403 INFO  Consulta exitosa {"EXT_GAMEDAY_ID":43564} 
10:40:45.316 INFO  Consulta exitosa {"EXT_GAMEDAY_ID":1} 
13:04:51.459 INFO  Consulta exitosa {"HU_USERNAME":"GESTOR"} 
13:22:09.611 INFO  Consulta exitosa {"HU_USERNAME":"GESTOR"} 
13:22:17.378 INFO  Consulta exitosa {"EXT_GAMEDAY_ID":43564} 
13:23:39.379 INFO  Consulta exitosa {"HU_USERNAME":"GESTOR"} 
13:24:35.660 INFO  Consulta exitosa {"HU_USERNAME":"GESTOR"} 
13:25:01.417 INFO  Consulta exitosa {"EXT_GAMEDAY_ID":43564} 
13:33:36.105 INFO  Consulta exitosa {"HU_USERNAME":"GESTOR"} 
13:33:45.625 INFO  Consulta exitosa {"EXT_GAMEDAY_ID":43564} 
13:40:39.929 INFO  Consulta exitosa {"HU_USERNAME":"GESTOR"} 
13:40:49.150 INFO  Consulta exitosa {"EXT_GAMEDAY_ID":43564} 
13:45:39.223 INFO  Consulta exitosa {"HU_USERNAME":"GESTOR"} 
13:45:51.566 INFO  Consulta exitosa {"EXT_GAMEDAY_ID":43564} 
13:51:51.350 INFO  Consulta exitosa {"HU_USERNAME":"GESTOR"} 
13:52:09.998 INFO  Consulta exitosa {"EXT_GAMEDAY_ID":43565} 
13:52:18.331 INFO  Consulta exitosa {"EXT_GAMEDAY_ID":43566} 
13:52:27.812 INFO  Consulta exitosa {"EXT_GAMEDAY_ID":43568} 
13:52:34.983 INFO  Consulta exitosa {"EXT_GAMEDAY_ID":43569} 
13:52:40.531 INFO  Consulta exitosa {"EXT_GAMEDAY_ID":43570} 
13:52:52.832 INFO  Consulta exitosa {"EXT_GAMEDAY_ID":43571} 
13:53:01.311 INFO  Consulta exitosa {"EXT_GAMEDAY_ID":43572} 
13:53:08.380 INFO  Consulta exitosa {"EXT_GAMEDAY_ID":43564} 
13:53:39.475 INFO  Consulta exitosa {"HU_USERNAME":"GESTOR"} 
13:53:53.923 INFO  Consulta exitosa {"EXT_GAMEDAY_ID_FROM":"43622","EXT_GAMEDAY_ID_TO":"43707"} 
13:53:53.969 INFO  Consulta exitosa {"EXT_GAMEDAY_ID_FROM":"43622","EXT_GAMEDAY_ID_TO":"43707"} 
14:16:47.169 INFO  Consulta exitosa {"HU_USERNAME":"GESTOR"} 
14:17:00.625 INFO  Consulta exitosa {"EXT_GAMEDAY_ID":43564} 
14:17:00.976 INFO  Consulta exitosa {"EXT_GAMEDAY_ID":43564} 
14:17:01.266 INFO  Consulta exitosa {"EXT_GAMEDAY_ID":43564} 
14:17:09.146 INFO  Consulta exitosa {"HU_USERNAME":"GESTOR"} 
14:17:17.079 INFO  Consulta exitosa {"EXT_GAMEDAY_ID":43564} 
14:17:17.374 INFO  Consulta exitosa {"EXT_GAMEDAY_ID":43564} 
14:34:50.554 INFO  Consulta exitosa {"HU_USERNAME":"GESTOR"} 
14:34:57.525 INFO  Consulta exitosa {"EXT_GAMEDAY_ID":43564} 
14:37:15.429 INFO  Consulta exitosa {"HU_USERNAME":"GESTOR"} 
14:37:22.497 INFO  Consulta exitosa {"EXT_GAMEDAY_ID":43564} 
14:42:35.375 INFO  Consulta exitosa {"HU_USERNAME":"GESTOR"} 
14:42:46.727 INFO  Consulta exitosa {"EXT_GAMEDAY_ID_FROM":"43622","EXT_GAMEDAY_ID_TO":"43707"} 
14:42:46.789 INFO  Consulta exitosa {"EXT_GAMEDAY_ID_FROM":"43622","EXT_GAMEDAY_ID_TO":"43707"} 
14:48:11.675 INFO  Consulta exitosa {"HU_USERNAME":"GESTOR"} 
14:48:16.721 INFO  Consulta exitosa {"EXT_GAMEDAY_ID":1} 
14:48:24.243 INFO  Consulta exitosa {"EXT_GAMEDAY_ID":43564} 
14:49:14.429 INFO  Consulta exitosa {"HU_USERNAME":"GESTOR"} 
14:49:36.545 INFO  Consulta exitosa {"EXT_GAMEDAY_ID_FROM":"43622","EXT_GAMEDAY_ID_TO":"43707"} 
14:49:36.623 INFO  Consulta exitosa {"EXT_GAMEDAY_ID_FROM":"43622","EXT_GAMEDAY_ID_TO":"43707"} 
14:50:56.997 INFO  Consulta exitosa {"HU_USERNAME":"GESTOR"} 
14:51:07.895 INFO  Consulta exitosa {"EXT_GAMEDAY_ID_FROM":"43622","EXT_GAMEDAY_ID_TO":"43707"} 
14:51:07.947 INFO  Consulta exitosa {"EXT_GAMEDAY_ID_FROM":"43622","EXT_GAMEDAY_ID_TO":"43707"} 
14:55:36.648 INFO  Consulta exitosa {"HU_USERNAME":"GESTOR"} 
14:55:54.085 INFO  Consulta exitosa {"EXT_GAMEDAY_ID_FROM":"43622","EXT_GAMEDAY_ID_TO":"43624"} 
14:55:54.141 INFO  Consulta exitosa {"EXT_GAMEDAY_ID_FROM":"43622","EXT_GAMEDAY_ID_TO":"43624"} 
14:58:15.863 INFO  Consulta exitosa {"HU_USERNAME":"GESTOR"} 
14:58:28.983 INFO  Consulta exitosa {"EXT_GAMEDAY_ID_FROM":"1","EXT_GAMEDAY_ID_TO":"1"} 
14:58:28.990 INFO  Consulta exitosa {"EXT_GAMEDAY_ID_FROM":"1","EXT_GAMEDAY_ID_TO":"1"} 
15:00:39.127 INFO  Consulta exitosa {"HU_USERNAME":"GESTOR"} 
15:00:48.386 INFO  Consulta exitosa {"EXT_GAMEDAY_ID_FROM":"1","EXT_GAMEDAY_ID_TO":"1"} 
15:00:48.389 INFO  Consulta exitosa {"EXT_GAMEDAY_ID_FROM":"1","EXT_GAMEDAY_ID_TO":"1"} 
15:00:58.544 INFO  Consulta exitosa {"EXT_GAMEDAY_ID_FROM":"43624","EXT_GAMEDAY_ID_TO":"43626"} 
15:00:58.631 INFO  Consulta exitosa {"EXT_GAMEDAY_ID_FROM":"43624","EXT_GAMEDAY_ID_TO":"43626"} 
15:04:51.089 INFO  Consulta exitosa {"HU_USERNAME":"GESTOR"} 
15:05:21.167 INFO  Consulta exitosa {"EXT_GAMEDAY_ID_FROM":"43622","EXT_GAMEDAY_ID_TO":"43628"} 
15:05:21.196 INFO  Consulta exitosa {"EXT_GAMEDAY_ID_FROM":"43622","EXT_GAMEDAY_ID_TO":"43628"} 
15:08:22.597 INFO  Consulta exitosa {"HU_USERNAME":"GESTOR"} 
15:08:42.119 INFO  Consulta exitosa {"EXT_GAMEDAY_ID":43564} 
15:12:38.274 INFO  Consulta exitosa {"HU_USERNAME":"GESTOR"} 
15:12:53.036 INFO  Consulta exitosa {"EXT_GAMEDAY_ID":43564} 
15:14:13.510 INFO  Consulta exitosa {"HU_USERNAME":"GESTOR"} 
15:14:22.058 INFO  Consulta exitosa {"EXT_GAMEDAY_ID":43564} 

