09:02:24.698 INFO  Consulta exitosa {"HU_USERNAME":"GESTOR"} 
09:02:40.729 INFO  Consulta exitosa {"GAMEDAY_ID":1} 
09:06:49.030 INFO  Consulta exitosa {"HU_USERNAME":"GESTOR"} 
09:06:57.985 INFO  Consulta exitosa {"GAMEDAY_ID":1} 
09:07:05.826 INFO  Consulta exitosa {"GAMEDAY_ID":1} 
09:08:59.065 INFO  Consulta exitosa {"HU_USERNAME":"GESTOR"} 
09:09:06.065 INFO  Consulta exitosa {"GAMEDAY_ID":1} 
09:09:33.292 INFO  Consulta exitosa {"GAMEDAY_ID":99999} 
09:09:39.931 INFO  Consulta exitosa {"GAMEDAY_ID":51587} 
09:09:47.410 INFO  Consulta exitosa {"GAMEDAY_ID":99999} 
09:11:05.973 INFO  Received SIGINT 
09:11:05.977 INFO  Shutting down 
09:11:05.994 INFO  Closing web server module 
09:11:06.015 INFO  Closing database module 
09:11:23.083 INFO  Initializing database module 
09:11:23.792 INFO  Connection was successfull 
09:11:23.793 INFO  Database connection was successfull 
09:11:23.795 INFO  Starting application 
09:11:23.795 INFO  Initializing web server module 
09:11:35.855 INFO  Consulta exitosa {"HU_USERNAME":"GESTOR"} 
09:11:43.225 INFO  Consulta exitosa {"GAMEDAY_ID":51587} 
09:12:00.056 INFO  Consulta exitosa {"GAMEDAY_ID":51587} 
09:12:07.028 INFO  Consulta exitosa {"GAMEDAY_ID":51587} 
09:12:28.574 INFO  Consulta exitosa {"GAMEDAY_ID":51587} 
09:15:45.575 INFO  Consulta exitosa {"HU_USERNAME":"GESTOR"} 
09:19:00.812 INFO  Consulta exitosa {"HU_USERNAME":"GESTOR"} 
09:31:31.515 INFO  Consulta exitosa {"HU_USERNAME":"GESTOR"} 
09:31:57.917 INFO  Consulta exitosa {"GAMEDAY_ID_FROM":"51645","GAMEDAY_ID_TO":"51730"} 
09:31:58.013 INFO  Consulta exitosa {"GAMEDAY_ID_FROM":"51645","GAMEDAY_ID_TO":"51730"} 
09:33:55.717 INFO  Consulta exitosa {"HU_USERNAME":"GESTOR"} 
09:35:28.661 INFO  Consulta exitosa {"HU_USERNAME":"GESTOR"} 
09:35:38.336 INFO  Consulta exitosa {"GAMEDAY_ID_FROM":"51645","GAMEDAY_ID_TO":"51730"} 
09:35:38.392 INFO  Consulta exitosa {"GAMEDAY_ID_FROM":"51645","GAMEDAY_ID_TO":"51730"} 
09:39:52.869 INFO  Consulta exitosa {"HU_USERNAME":"GESTOR"} 
09:40:09.485 INFO  Initializing database module 
09:40:10.205 INFO  Connection was successfull 
09:40:10.206 INFO  Database connection was successfull 
09:40:10.207 INFO  Starting application 
09:40:10.207 INFO  Initializing web server module 
09:40:15.722 INFO  Consulta exitosa {"HU_USERNAME":"GESTOR"} 
09:40:22.204 INFO  Consulta exitosa {"GAMEDAY_ID_FROM":"51645","GAMEDAY_ID_TO":"51730"} 
09:40:22.257 INFO  Consulta exitosa {"GAMEDAY_ID_FROM":"51645","GAMEDAY_ID_TO":"51730"} 
09:40:24.559 INFO  Consulta exitosa {"GAMEDAY_ID_FROM":"51645","GAMEDAY_ID_TO":"51730"} 
09:40:24.596 INFO  Consulta exitosa {"GAMEDAY_ID_FROM":"51645","GAMEDAY_ID_TO":"51730"} 
09:40:31.549 INFO  Consulta exitosa {"GAMEDAY_ID_FROM":"51645","GAMEDAY_ID_TO":"51730"} 
09:40:31.598 INFO  Consulta exitosa {"GAMEDAY_ID_FROM":"51645","GAMEDAY_ID_TO":"51730"} 
09:42:01.335 INFO  Initializing database module 
09:42:01.998 INFO  Connection was successfull 
09:42:01.999 INFO  Database connection was successfull 
09:42:02.000 INFO  Starting application 
09:42:02.000 INFO  Initializing web server module 
09:42:06.281 INFO  Consulta exitosa {"HU_USERNAME":"GESTOR"} 
09:42:16.196 INFO  Consulta exitosa {"HU_USERNAME":"GESTOR"} 
09:43:11.552 INFO  Consulta exitosa {"HU_USERNAME":"GESTOR"} 
09:43:17.818 INFO  Consulta exitosa {"GAMEDAY_ID_FROM":"51645","GAMEDAY_ID_TO":"51730"} 
09:43:17.886 INFO  Consulta exitosa {"GAMEDAY_ID_FROM":"51645","GAMEDAY_ID_TO":"51730"} 
09:43:20.623 INFO  Consulta exitosa {"GAMEDAY_ID_FROM":"51645","GAMEDAY_ID_TO":"51730"} 
09:43:20.660 INFO  Consulta exitosa {"GAMEDAY_ID_FROM":"51645","GAMEDAY_ID_TO":"51730"} 
09:44:09.453 INFO  Consulta exitosa {"HU_USERNAME":"GESTOR"} 
09:44:15.943 INFO  Consulta exitosa {"GAMEDAY_ID_FROM":"51645","GAMEDAY_ID_TO":"51730"} 
09:44:16.023 INFO  Consulta exitosa {"GAMEDAY_ID_FROM":"51645","GAMEDAY_ID_TO":"51730"} 
09:44:17.905 INFO  Consulta exitosa {"GAMEDAY_ID_FROM":"51645","GAMEDAY_ID_TO":"51730"} 
09:44:17.939 INFO  Consulta exitosa {"GAMEDAY_ID_FROM":"51645","GAMEDAY_ID_TO":"51730"} 
09:44:28.718 INFO  Consulta exitosa {"HU_USERNAME":"GESTOR"} 
09:44:33.872 INFO  Consulta exitosa {"GAMEDAY_ID":51587} 
09:44:36.621 INFO  Consulta exitosa {"GAMEDAY_ID":51587} 
09:45:53.613 INFO  Consulta exitosa {"HU_USERNAME":"GESTOR"} 
09:45:58.994 INFO  Consulta exitosa {"GAMEDAY_ID":51587} 
09:46:01.160 INFO  Consulta exitosa {"GAMEDAY_ID":51587} 
09:46:27.371 INFO  Consulta exitosa {"HU_USERNAME":"GESTO"} 
09:48:17.659 INFO  Consulta exitosa {"HU_USERNAME":"GESTOR"} 
09:49:47.356 INFO  Consulta exitosa {"HU_USERNAME":"GESTOR"} 
09:50:39.621 INFO  Initializing database module 
09:50:40.282 INFO  Connection was successfull 
09:50:40.282 INFO  Database connection was successfull 
09:50:40.283 INFO  Starting application 
09:50:40.283 INFO  Initializing web server module 
